1767716798869	geckodriver	INFO	Listening on 127.0.0.1:49243
1767716798881	mozrunner::runner	INFO	Running command: MOZ_CRASHREPORTER="1" MOZ_CRASHREPORTER_NO_REPORT="1" MOZ_CRASHREPORTER_SHUTDOWN="1" "/usr/bin/firefox" "--m ... te" "--remote-debugging-port" "55235" "--remote-allow-hosts" "localhost" "-no-remote" "-profile" "/tmp/rust_mozprofileeONEdY"
console.warn: services.settings: Ignoring preference override of remote settings server
console.warn: services.settings: Allow by setting MOZ_REMOTE_SETTINGS_DEVTOOLS=1 in the environment
1767716799383	Marionette	INFO	Marionette enabled
1767716799443	Marionette	INFO	Listening on port 35933
WebDriver BiDi listening on ws://127.0.0.1:55235
Read port: 35933
1767716799507	RemoteAgent	WARN	TLS certificate errors will be ignored for this session
JavaScript warning: https://www.googletagmanager.com/gtag/js?id=AW-16651005713&cx=c&gtm=4e5cc1, line 147: Script terminated by timeout at:
zb@https://www.googletagmanager.com/gtag/js?id=AW-16651005713&cx=c&gtm=4e5cc1:147:159
tD@https://www.googletagmanager.com/gtag/js?id=AW-16651005713&cx=c&gtm=4e5cc1:686:135
uD/<@https://www.googletagmanager.com/gtag/js?id=AW-16651005713&cx=c&gtm=4e5cc1:686:111

1767716818629	Marionette	INFO	Stopped listening on port 35933
JavaScript error: resource://gre/modules/PrivateBrowsingUtils.sys.mjs, line 19: TypeError: can't access property "isChromeWindow", aWindow is null
console.error: "Failed to fetch https://spocs.getpocket.com/user:" "NetworkError when attempting to fetch resource."
console.error: (new TypeError("NetworkError when attempting to fetch resource.", ""))
console.error: (new Error("OHTTP was configured for https://ads.mozilla.org/v1/delete_user but we couldn't fetch a valid config", "moz-src:///browser/modules/ContextId.sys.mjs", 234))
console.warn: TopSitesFeed: Failed to fetch data from MARS server: NetworkError when attempting to fetch resource.
JavaScript error: resource://gre/modules/ObliviousHTTP.sys.mjs, line 117: NS_ERROR_XPC_CANT_CONVERT_PRIMITIVE_TO_ARRAY: Cannot convert primitive JavaScript value into an array arg 2 [nsIObliviousHttpService.newChannel]
1767716820258	geckodriver::marionette	ERROR	Failed to close browser connection: unknown error
